2020/11/30 22:00:32 bitrate=4000, type: int

2020/11/30 22:00:32 nodeID=node-4486698e485cdf49b6ccd0dfa4cef8a0, type: string

2020/11/30 22:00:32 roomID=room-94211598841955298, type: string

2020/11/30 22:00:32 instanceID=container-16a7afff8fa9c31e11e44080eb3ec273, type: string

2020/11/30 22:00:32 mixerID=mixer-4486698e485cdf49b6ccd0dfa4cef8a0, type: string

2020/11/30 22:00:32 mixedStreamID=mixed-stream-4486698e485cdf49b6ccd0dfa4cef8a0, type: string

2020/11/30 22:00:32 stompURL=wss://signal-controller-staging.quickom.com/signaling/classroom/, type: string

2020/11/30 22:00:32 msgChann=/classroom/message/room-94211598841955298, type: string

2020/11/30 22:00:32 publicChann=/classroom/room-94211598841955298, type: string

2020/11/30 22:00:32 privateChann=/user/classroom/room-94211598841955298, type: string

2020/11/30 22:00:32 syncInterval=5, type: string

2020/11/30 22:00:34 gstmixaudio.CreatePipeline() finished.
2020/11/30 22:00:35 gstmixvideo.CreatePipeline() finished. Mixerpipeline: &{0x7f3e3c2ae3f0 1 9 [{<nil> 0 false 0 0 0 0 0 0 0 0 0 0 0} {<nil> 0 false 0 0 0 0 0 0 0 0 0 0 0} {<nil> 0 false 0 0 0 0 0 0 0 0 0 0 0} {<nil> 0 false 0 0 0 0 0 0 0 0 0 0 0} {<nil> 0 false 0 0 0 0 0 0 0 0 0 0 0} {<nil> 0 false 0 0 0 0 0 0 0 0 0 0 0} {<nil> 0 false 0 0 0 0 0 0 0 0 0 0 0} {<nil> 0 false 0 0 0 0 0 0 0 0 0 0 0} {<nil> 0 false 0 0 0 0 0 0 0 0 0 0 0} {<nil> 0 false 0 0 0 0 0 0 0 0 0 0 0}] <nil> 1500000 0 0 0 VP8 90000} 
2020/11/30 22:00:35 gstmixvideo.readTrack(2)...
2020/11/30 22:00:35 gstmixvideo.readTrack(9)...
2020/11/30 22:00:35 gstmixvideo.readTrack(3)...
2020/11/30 22:00:35 gstmixvideo.readTrack(1)...
2020/11/30 22:00:35 gstmixvideo.readTrack(5)...
2020/11/30 22:00:35 gstmixvideo.readTrack(8)...
2020/11/30 22:00:35 gstmixvideo.readTrack(6)...
2020/11/30 22:00:35 gstmixvideo.readTrack(7)...
2020/11/30 22:00:35 gstmixvideo.readTrack(4)...
2020/11/30 22:00:35 gstmixaudio.readTrack(9)...
2020/11/30 22:00:35 gstmixaudio.readTrack(6)...
2020/11/30 22:00:35 gstmixaudio.readTrack(4)...
2020/11/30 22:00:35 gstmixaudio.readTrack(5)...
2020/11/30 22:00:35 gstmixaudio.readTrack(2)...
2020/11/30 22:00:35 gstmixaudio.readTrack(3)...
2020/11/30 22:00:35 gstmixaudio.readTrack(1)...
2020/11/30 22:00:35 gstmixaudio.readTrack(7)...
2020/11/30 22:00:35 gstmixaudio.readTrack(8)...
2020/11/30 22:02:25 gstmixaudio.readTrack(6)...
2020/11/30 22:02:25 gstmixaudio.readTrack(4)...
2020/11/30 22:02:25 gstmixaudio.readTrack(7)...
2020/11/30 22:02:25 gstmixaudio.readTrack(1)...
2020/11/30 22:02:25 gstmixaudio.readTrack(2)...
2020/11/30 22:02:25 gstmixaudio.readTrack(8)...
2020/11/30 22:02:25 gstmixaudio.readTrack(3)...
2020/11/30 22:02:25 gstmixaudio.readTrack(5)...
2020/11/30 22:02:25 gstmixaudio.readTrack(9)...

(classroom-core:30973): GStreamer-CRITICAL **: 22:02:44.983: Bus bus1 has no signal watches attached
panic: runtime error: invalid memory address or nil pointer dereference
[signal SIGSEGV: segmentation violation code=0x1 addr=0x0 pc=0x7fd51e]

goroutine 1551 [running]:
github.com/pion/rtp.(*Packet).MarshalSize(...)
	/home/lamhai/go/pkg/mod/github.com/pion/rtp@v1.6.1/packet.go:463
github.com/beowulflab/mediamixer/audioMixerStatic/staticMixer.(*Pipeline).readTrack(0xc00007c2a0, 0x4)
	/home/lamhai/go/pkg/mod/github.com/beowulflab/mediamixer@v1.7.21/audioMixerStatic/staticMixer/gst.go:168 +0x19e
created by github.com/beowulflab/mediamixer/audioMixerStatic/staticMixer.(*Pipeline).Start
	/home/lamhai/go/pkg/mod/github.com/beowulflab/mediamixer@v1.7.21/audioMixerStatic/staticMixer/gst.go:130 +0x225
panic: runtime error: invalid memory address or nil pointer dereference
[signal SIGSEGV: segmentation violation code=0x1 addr=0x0 pc=0x7fd51e]

goroutine 1549 [running]:
github.com/pion/rtp.(*Packet).MarshalSize(...)
	/home/lamhai/go/pkg/mod/github.com/pion/rtp@v1.6.1/packet.go:463
github.com/beowulflab/mediamixer/audioMixerStatic/staticMixer.(*Pipeline).readTrack(0xc00007c2a0, 0x2)
	/home/lamhai/go/pkg/mod/github.com/beowulflab/mediamixer@v1.7.21/audioMixerStatic/staticMixer/gst.go:168 +0x19e
created by github.com/beowulflab/mediamixer/audioMixerStatic/staticMixer.(*Pipeline).Start
	/home/lamhai/go/pkg/mod/github.com/beowulflab/mediamixer@v1.7.21/audioMixerStatic/staticMixer/gst.go:130 +0x225
panic: runtime error: invalid memory address or nil pointer dereference
[signal SIGSEGV: segmentation violation code=0x1 addr=0x0 pc=0x7fd51e]

goroutine 1550 [running]:
github.com/pion/rtp.(*Packet).MarshalSize(...)
	/home/lamhai/go/pkg/mod/github.com/pion/rtp@v1.6.1/packet.go:463
github.com/beowulflab/mediamixer/audioMixerStatic/staticMixer.(*Pipeline).readTrack(0xc00007c2a0, 0x3)
	/home/lamhai/go/pkg/mod/github.com/beowulflab/mediamixer@v1.7.21/audioMixerStatic/staticMixer/gst.go:168 +0x19e
created by github.com/beowulflab/mediamixer/audioMixerStatic/staticMixer.(*Pipeline).Start
	/home/lamhai/go/pkg/mod/github.com/beowulflab/mediamixer@v1.7.21/audioMixerStatic/staticMixer/gst.go:130 +0x225
2020/11/30 22:02:45 bitrate=4000, type: int

2020/11/30 22:02:45 nodeID=node-4486698e485cdf49b6ccd0dfa4cef8a0, type: string

2020/11/30 22:02:45 roomID=room-94211598841955298, type: string

2020/11/30 22:02:45 instanceID=container-16a7afff8fa9c31e11e44080eb3ec273, type: string

2020/11/30 22:02:45 mixerID=mixer-4486698e485cdf49b6ccd0dfa4cef8a0, type: string

2020/11/30 22:02:45 mixedStreamID=mixed-stream-4486698e485cdf49b6ccd0dfa4cef8a0, type: string

2020/11/30 22:02:45 stompURL=wss://signal-controller-staging.quickom.com/signaling/classroom/, type: string

2020/11/30 22:02:45 msgChann=/classroom/message/room-94211598841955298, type: string

2020/11/30 22:02:45 publicChann=/classroom/room-94211598841955298, type: string

2020/11/30 22:02:45 privateChann=/user/classroom/room-94211598841955298, type: string

2020/11/30 22:02:45 syncInterval=5, type: string

2020/11/30 22:02:47 gstmixaudio.CreatePipeline() finished.
2020/11/30 22:02:48 gstmixvideo.CreatePipeline() finished. Mixerpipeline: &{0x7f5f242ae3f0 1 9 [{<nil> 0 false 0 0 0 0 0 0 0 0 0 0 0} {<nil> 0 false 0 0 0 0 0 0 0 0 0 0 0} {<nil> 0 false 0 0 0 0 0 0 0 0 0 0 0} {<nil> 0 false 0 0 0 0 0 0 0 0 0 0 0} {<nil> 0 false 0 0 0 0 0 0 0 0 0 0 0} {<nil> 0 false 0 0 0 0 0 0 0 0 0 0 0} {<nil> 0 false 0 0 0 0 0 0 0 0 0 0 0} {<nil> 0 false 0 0 0 0 0 0 0 0 0 0 0} {<nil> 0 false 0 0 0 0 0 0 0 0 0 0 0} {<nil> 0 false 0 0 0 0 0 0 0 0 0 0 0}] <nil> 1500000 0 0 0 VP8 90000} 
2020/11/30 22:02:48 gstmixvideo.readTrack(5)...
2020/11/30 22:02:48 gstmixvideo.readTrack(6)...
2020/11/30 22:02:48 gstmixvideo.readTrack(2)...
2020/11/30 22:02:48 gstmixvideo.readTrack(1)...
2020/11/30 22:02:48 gstmixvideo.readTrack(3)...
2020/11/30 22:02:48 gstmixvideo.readTrack(8)...
2020/11/30 22:02:48 gstmixvideo.readTrack(7)...
2020/11/30 22:02:48 gstmixvideo.readTrack(4)...
2020/11/30 22:02:48 gstmixvideo.readTrack(9)...
2020/11/30 22:02:48 gstmixaudio.readTrack(1)...
2020/11/30 22:02:48 gstmixaudio.readTrack(3)...
2020/11/30 22:02:48 gstmixaudio.readTrack(2)...
2020/11/30 22:02:48 gstmixaudio.readTrack(4)...
2020/11/30 22:02:48 gstmixaudio.readTrack(5)...
2020/11/30 22:02:48 gstmixaudio.readTrack(6)...
2020/11/30 22:02:48 gstmixaudio.readTrack(7)...
2020/11/30 22:02:48 gstmixaudio.readTrack(8)...
2020/11/30 22:02:48 gstmixaudio.readTrack(9)...
2020/11/30 22:02:50 gstmixaudio.readTrack(5)...
2020/11/30 22:02:50 gstmixaudio.readTrack(6)...
2020/11/30 22:02:50 gstmixaudio.readTrack(4)...
2020/11/30 22:02:50 gstmixaudio.readTrack(1)...
2020/11/30 22:02:50 gstmixaudio.readTrack(9)...
2020/11/30 22:02:50 gstmixaudio.readTrack(7)...
2020/11/30 22:02:50 gstmixaudio.readTrack(2)...
2020/11/30 22:02:50 gstmixaudio.readTrack(3)...
2020/11/30 22:02:50 gstmixaudio.readTrack(8)...

(classroom-core:2294): GStreamer-CRITICAL **: 22:02:54.252: Bus bus1 has no signal watches attached
panic: runtime error: invalid memory address or nil pointer dereference
[signal SIGSEGV: segmentation violation code=0x1 addr=0x0 pc=0x7fd51e]

goroutine 810 [running]:
github.com/pion/rtp.(*Packet).MarshalSize(...)
	/home/lamhai/go/pkg/mod/github.com/pion/rtp@v1.6.1/packet.go:463
github.com/beowulflab/mediamixer/audioMixerStatic/staticMixer.(*Pipeline).readTrack(0xc0006b8240, 0x5)
	/home/lamhai/go/pkg/mod/github.com/beowulflab/mediamixer@v1.7.21/audioMixerStatic/staticMixer/gst.go:168 +0x19e
created by github.com/beowulflab/mediamixer/audioMixerStatic/staticMixer.(*Pipeline).Start
	/home/lamhai/go/pkg/mod/github.com/beowulflab/mediamixer@v1.7.21/audioMixerStatic/staticMixer/gst.go:130 +0x225
2020/11/30 22:02:54 bitrate=4000, type: int

2020/11/30 22:02:54 nodeID=node-4486698e485cdf49b6ccd0dfa4cef8a0, type: string

2020/11/30 22:02:54 roomID=room-94211598841955298, type: string

2020/11/30 22:02:54 instanceID=container-16a7afff8fa9c31e11e44080eb3ec273, type: string

2020/11/30 22:02:54 mixerID=mixer-4486698e485cdf49b6ccd0dfa4cef8a0, type: string

2020/11/30 22:02:54 mixedStreamID=mixed-stream-4486698e485cdf49b6ccd0dfa4cef8a0, type: string

2020/11/30 22:02:54 stompURL=wss://signal-controller-staging.quickom.com/signaling/classroom/, type: string

2020/11/30 22:02:54 msgChann=/classroom/message/room-94211598841955298, type: string

2020/11/30 22:02:54 publicChann=/classroom/room-94211598841955298, type: string

2020/11/30 22:02:54 privateChann=/user/classroom/room-94211598841955298, type: string

2020/11/30 22:02:54 syncInterval=5, type: string

2020/11/30 22:02:54 gstmixaudio.CreatePipeline() finished.
2020/11/30 22:02:55 gstmixvideo.CreatePipeline() finished. Mixerpipeline: &{0x7f15d02ae3f0 1 9 [{<nil> 0 false 0 0 0 0 0 0 0 0 0 0 0} {<nil> 0 false 0 0 0 0 0 0 0 0 0 0 0} {<nil> 0 false 0 0 0 0 0 0 0 0 0 0 0} {<nil> 0 false 0 0 0 0 0 0 0 0 0 0 0} {<nil> 0 false 0 0 0 0 0 0 0 0 0 0 0} {<nil> 0 false 0 0 0 0 0 0 0 0 0 0 0} {<nil> 0 false 0 0 0 0 0 0 0 0 0 0 0} {<nil> 0 false 0 0 0 0 0 0 0 0 0 0 0} {<nil> 0 false 0 0 0 0 0 0 0 0 0 0 0} {<nil> 0 false 0 0 0 0 0 0 0 0 0 0 0}] <nil> 1500000 0 0 0 VP8 90000} 
2020/11/30 22:02:55 gstmixvideo.readTrack(1)...
2020/11/30 22:02:55 gstmixvideo.readTrack(3)...
2020/11/30 22:02:55 gstmixvideo.readTrack(9)...
2020/11/30 22:02:55 gstmixvideo.readTrack(4)...
2020/11/30 22:02:55 gstmixvideo.readTrack(6)...
2020/11/30 22:02:55 gstmixvideo.readTrack(5)...
2020/11/30 22:02:55 gstmixvideo.readTrack(8)...
2020/11/30 22:02:55 gstmixvideo.readTrack(7)...
2020/11/30 22:02:55 gstmixvideo.readTrack(2)...
2020/11/30 22:02:55 gstmixaudio.readTrack(4)...
2020/11/30 22:02:55 gstmixaudio.readTrack(1)...
2020/11/30 22:02:55 gstmixaudio.readTrack(2)...
2020/11/30 22:02:55 gstmixaudio.readTrack(3)...
2020/11/30 22:02:55 gstmixaudio.readTrack(6)...
2020/11/30 22:02:55 gstmixaudio.readTrack(5)...
2020/11/30 22:02:55 gstmixaudio.readTrack(7)...
2020/11/30 22:02:55 gstmixaudio.readTrack(8)...
2020/11/30 22:02:55 gstmixaudio.readTrack(9)...
2020/11/30 22:03:05 gstmixaudio.readTrack(3)...
2020/11/30 22:03:05 gstmixaudio.readTrack(1)...
2020/11/30 22:03:05 gstmixaudio.readTrack(6)...
2020/11/30 22:03:05 gstmixaudio.readTrack(2)...
2020/11/30 22:03:05 gstmixaudio.readTrack(5)...
2020/11/30 22:03:05 gstmixaudio.readTrack(7)...
2020/11/30 22:03:05 gstmixaudio.readTrack(8)...
2020/11/30 22:03:05 gstmixaudio.readTrack(4)...
2020/11/30 22:03:05 gstmixaudio.readTrack(9)...

(classroom-core:2624): GStreamer-CRITICAL **: 22:03:22.734: Bus bus1 has no signal watches attached
panic: runtime error: invalid memory address or nil pointer dereference
[signal SIGSEGV: segmentation violation code=0x1 addr=0x0 pc=0x7fd51e]

goroutine 54 [running]:
github.com/pion/rtp.(*Packet).MarshalSize(...)
	/home/lamhai/go/pkg/mod/github.com/pion/rtp@v1.6.1/packet.go:463
github.com/beowulflab/mediamixer/audioMixerStatic/staticMixer.(*Pipeline).readTrack(0xc00028a300, 0x2)
	/home/lamhai/go/pkg/mod/github.com/beowulflab/mediamixer@v1.7.21/audioMixerStatic/staticMixer/gst.go:168 +0x19e
created by github.com/beowulflab/mediamixer/audioMixerStatic/staticMixer.(*Pipeline).Start
	/home/lamhai/go/pkg/mod/github.com/beowulflab/mediamixer@v1.7.21/audioMixerStatic/staticMixer/gst.go:130 +0x225
panic: runtime error: invalid memory address or nil pointer dereference
[signal SIGSEGV: segmentation violation code=0x1 addr=0x0 pc=0x7fd51e]

goroutine 60 [running]:
github.com/pion/rtp.(*Packet).MarshalSize(...)
	/home/lamhai/go/pkg/mod/github.com/pion/rtp@v1.6.1/packet.go:463
github.com/beowulflab/mediamixer/audioMixerStatic/staticMixer.(*Pipeline).readTrack(0xc00028a300, 0x8)
	/home/lamhai/go/pkg/mod/github.com/beowulflab/mediamixer@v1.7.21/audioMixerStatic/staticMixer/gst.go:168 +0x19e
created by github.com/beowulflab/mediamixer/audioMixerStatic/staticMixer.(*Pipeline).Start
	/home/lamhai/go/pkg/mod/github.com/beowulflab/mediamixer@v1.7.21/audioMixerStatic/staticMixer/gst.go:130 +0x225
2020/11/30 22:03:22 bitrate=4000, type: int

2020/11/30 22:03:22 nodeID=node-4486698e485cdf49b6ccd0dfa4cef8a0, type: string

2020/11/30 22:03:22 roomID=room-94211598841955298, type: string

2020/11/30 22:03:22 instanceID=container-16a7afff8fa9c31e11e44080eb3ec273, type: string

2020/11/30 22:03:22 mixerID=mixer-4486698e485cdf49b6ccd0dfa4cef8a0, type: string

2020/11/30 22:03:22 mixedStreamID=mixed-stream-4486698e485cdf49b6ccd0dfa4cef8a0, type: string

2020/11/30 22:03:22 stompURL=wss://signal-controller-staging.quickom.com/signaling/classroom/, type: string

2020/11/30 22:03:22 msgChann=/classroom/message/room-94211598841955298, type: string

2020/11/30 22:03:22 publicChann=/classroom/room-94211598841955298, type: string

2020/11/30 22:03:22 privateChann=/user/classroom/room-94211598841955298, type: string

2020/11/30 22:03:22 syncInterval=5, type: string

2020/11/30 22:03:23 gstmixaudio.CreatePipeline() finished.
2020/11/30 22:03:23 gstmixvideo.CreatePipeline() finished. Mixerpipeline: &{0x7f0b282ae3f0 1 9 [{<nil> 0 false 0 0 0 0 0 0 0 0 0 0 0} {<nil> 0 false 0 0 0 0 0 0 0 0 0 0 0} {<nil> 0 false 0 0 0 0 0 0 0 0 0 0 0} {<nil> 0 false 0 0 0 0 0 0 0 0 0 0 0} {<nil> 0 false 0 0 0 0 0 0 0 0 0 0 0} {<nil> 0 false 0 0 0 0 0 0 0 0 0 0 0} {<nil> 0 false 0 0 0 0 0 0 0 0 0 0 0} {<nil> 0 false 0 0 0 0 0 0 0 0 0 0 0} {<nil> 0 false 0 0 0 0 0 0 0 0 0 0 0} {<nil> 0 false 0 0 0 0 0 0 0 0 0 0 0}] <nil> 1500000 0 0 0 VP8 90000} 
2020/11/30 22:03:24 gstmixvideo.readTrack(2)...
2020/11/30 22:03:24 gstmixvideo.readTrack(1)...
2020/11/30 22:03:24 gstmixvideo.readTrack(4)...
2020/11/30 22:03:24 gstmixvideo.readTrack(7)...
2020/11/30 22:03:24 gstmixvideo.readTrack(8)...
2020/11/30 22:03:24 gstmixvideo.readTrack(6)...
2020/11/30 22:03:24 gstmixvideo.readTrack(5)...
2020/11/30 22:03:24 gstmixvideo.readTrack(3)...
2020/11/30 22:03:24 gstmixvideo.readTrack(9)...
2020/11/30 22:03:24 gstmixaudio.readTrack(1)...
2020/11/30 22:03:24 gstmixaudio.readTrack(5)...
2020/11/30 22:03:24 gstmixaudio.readTrack(2)...
2020/11/30 22:03:24 gstmixaudio.readTrack(3)...
2020/11/30 22:03:24 gstmixaudio.readTrack(4)...
2020/11/30 22:03:24 gstmixaudio.readTrack(7)...
2020/11/30 22:03:24 gstmixaudio.readTrack(6)...
2020/11/30 22:03:24 gstmixaudio.readTrack(8)...
2020/11/30 22:03:24 gstmixaudio.readTrack(9)...
2020/11/30 22:03:26 gstmixaudio.readTrack(5)...
2020/11/30 22:03:26 gstmixaudio.readTrack(8)...
2020/11/30 22:03:26 gstmixaudio.readTrack(4)...
2020/11/30 22:03:26 gstmixaudio.readTrack(2)...
2020/11/30 22:03:26 gstmixaudio.readTrack(9)...
2020/11/30 22:03:26 gstmixaudio.readTrack(6)...
2020/11/30 22:03:26 gstmixaudio.readTrack(1)...
2020/11/30 22:03:26 gstmixaudio.readTrack(3)...
2020/11/30 22:03:26 gstmixaudio.readTrack(7)...

(classroom-core:3542): GStreamer-CRITICAL **: 22:03:42.738: Bus bus1 has no signal watches attached
panic: runtime error: invalid memory address or nil pointer dereference
[signal SIGSEGV: segmentation violation code=0x1 addr=0x0 pc=0x7fd51e]

goroutine 816 [running]:
github.com/pion/rtp.(*Packet).MarshalSize(...)
	/home/lamhai/go/pkg/mod/github.com/pion/rtp@v1.6.1/packet.go:463
github.com/beowulflab/mediamixer/audioMixerStatic/staticMixer.(*Pipeline).readTrack(0xc000280e40, 0x3)
	/home/lamhai/go/pkg/mod/github.com/beowulflab/mediamixer@v1.7.21/audioMixerStatic/staticMixer/gst.go:168 +0x19e
created by github.com/beowulflab/mediamixer/audioMixerStatic/staticMixer.(*Pipeline).Start
	/home/lamhai/go/pkg/mod/github.com/beowulflab/mediamixer@v1.7.21/audioMixerStatic/staticMixer/gst.go:130 +0x225
panic: runtime error: invalid memory address or nil pointer dereference
[signal SIGSEGV: segmentation violation code=0x1 addr=0x0 pc=0x7fd51e]

goroutine 815 [running]:
github.com/pion/rtp.(*Packet).MarshalSize(...)
	/home/lamhai/go/pkg/mod/github.com/pion/rtp@v1.6.1/packet.go:463
github.com/beowulflab/mediamixer/audioMixerStatic/staticMixer.(*Pipeline).readTrack(0xc000280e40, 0x2)
	/home/lamhai/go/pkg/mod/github.com/beowulflab/mediamixer@v1.7.21/audioMixerStatic/staticMixer/gst.go:168 +0x19e
created by github.com/beowulflab/mediamixer/audioMixerStatic/staticMixer.(*Pipeline).Start
	/home/lamhai/go/pkg/mod/github.com/beowulflab/mediamixer@v1.7.21/audioMixerStatic/staticMixer/gst.go:130 +0x225
2020/11/30 22:03:42 bitrate=4000, type: int

2020/11/30 22:03:42 nodeID=node-4486698e485cdf49b6ccd0dfa4cef8a0, type: string

2020/11/30 22:03:42 roomID=room-94211598841955298, type: string

2020/11/30 22:03:42 instanceID=container-16a7afff8fa9c31e11e44080eb3ec273, type: string

2020/11/30 22:03:42 mixerID=mixer-4486698e485cdf49b6ccd0dfa4cef8a0, type: string

2020/11/30 22:03:42 mixedStreamID=mixed-stream-4486698e485cdf49b6ccd0dfa4cef8a0, type: string

2020/11/30 22:03:42 stompURL=wss://signal-controller-staging.quickom.com/signaling/classroom/, type: string

2020/11/30 22:03:42 msgChann=/classroom/message/room-94211598841955298, type: string

2020/11/30 22:03:42 publicChann=/classroom/room-94211598841955298, type: string

2020/11/30 22:03:42 privateChann=/user/classroom/room-94211598841955298, type: string

2020/11/30 22:03:42 syncInterval=5, type: string

2020/11/30 22:03:43 gstmixaudio.CreatePipeline() finished.
2020/11/30 22:03:43 gstmixvideo.CreatePipeline() finished. Mixerpipeline: &{0x7f20102ae3f0 1 9 [{<nil> 0 false 0 0 0 0 0 0 0 0 0 0 0} {<nil> 0 false 0 0 0 0 0 0 0 0 0 0 0} {<nil> 0 false 0 0 0 0 0 0 0 0 0 0 0} {<nil> 0 false 0 0 0 0 0 0 0 0 0 0 0} {<nil> 0 false 0 0 0 0 0 0 0 0 0 0 0} {<nil> 0 false 0 0 0 0 0 0 0 0 0 0 0} {<nil> 0 false 0 0 0 0 0 0 0 0 0 0 0} {<nil> 0 false 0 0 0 0 0 0 0 0 0 0 0} {<nil> 0 false 0 0 0 0 0 0 0 0 0 0 0} {<nil> 0 false 0 0 0 0 0 0 0 0 0 0 0}] <nil> 1500000 0 0 0 VP8 90000} 
2020/11/30 22:03:44 gstmixvideo.readTrack(6)...
2020/11/30 22:03:44 gstmixvideo.readTrack(4)...
2020/11/30 22:03:44 gstmixvideo.readTrack(7)...
2020/11/30 22:03:44 gstmixvideo.readTrack(1)...
2020/11/30 22:03:44 gstmixvideo.readTrack(8)...
2020/11/30 22:03:44 gstmixvideo.readTrack(9)...
2020/11/30 22:03:44 gstmixvideo.readTrack(3)...
2020/11/30 22:03:44 gstmixvideo.readTrack(2)...
2020/11/30 22:03:44 gstmixvideo.readTrack(5)...
2020/11/30 22:03:44 gstmixaudio.readTrack(4)...
2020/11/30 22:03:44 gstmixaudio.readTrack(1)...
2020/11/30 22:03:44 gstmixaudio.readTrack(2)...
2020/11/30 22:03:44 gstmixaudio.readTrack(3)...
2020/11/30 22:03:44 gstmixaudio.readTrack(6)...
2020/11/30 22:03:44 gstmixaudio.readTrack(5)...
2020/11/30 22:03:44 gstmixaudio.readTrack(7)...
2020/11/30 22:03:44 gstmixaudio.readTrack(8)...
2020/11/30 22:03:44 gstmixaudio.readTrack(9)...
2020/11/30 22:03:51 gstmixaudio.readTrack(3)...
2020/11/30 22:03:51 gstmixaudio.readTrack(1)...
2020/11/30 22:03:51 gstmixaudio.readTrack(2)...
2020/11/30 22:03:51 gstmixaudio.readTrack(6)...
2020/11/30 22:03:51 gstmixaudio.readTrack(4)...
2020/11/30 22:03:51 gstmixaudio.readTrack(5)...
2020/11/30 22:03:51 gstmixaudio.readTrack(8)...
2020/11/30 22:03:51 gstmixaudio.readTrack(7)...
2020/11/30 22:03:51 gstmixaudio.readTrack(9)...

(classroom-core:4161): GStreamer-CRITICAL **: 22:04:02.777: Bus bus1 has no signal watches attached
panic: runtime error: invalid memory address or nil pointer dereference
[signal SIGSEGV: segmentation violation code=0x1 addr=0x0 pc=0x7fd51e]

goroutine 25 [running]:
github.com/pion/rtp.(*Packet).MarshalSize(...)
	/home/lamhai/go/pkg/mod/github.com/pion/rtp@v1.6.1/packet.go:463
github.com/beowulflab/mediamixer/audioMixerStatic/staticMixer.(*Pipeline).readTrack(0xc00038f3e0, 0x3)
	/home/lamhai/go/pkg/mod/github.com/beowulflab/mediamixer@v1.7.21/audioMixerStatic/staticMixer/gst.go:168 +0x19e
created by github.com/beowulflab/mediamixer/audioMixerStatic/staticMixer.(*Pipeline).Start
	/home/lamhai/go/pkg/mod/github.com/beowulflab/mediamixer@v1.7.21/audioMixerStatic/staticMixer/gst.go:130 +0x225
2020/11/30 22:04:02 bitrate=4000, type: int

2020/11/30 22:04:02 nodeID=node-4486698e485cdf49b6ccd0dfa4cef8a0, type: string

2020/11/30 22:04:02 roomID=room-94211598841955298, type: string

2020/11/30 22:04:02 instanceID=container-16a7afff8fa9c31e11e44080eb3ec273, type: string

2020/11/30 22:04:02 mixerID=mixer-4486698e485cdf49b6ccd0dfa4cef8a0, type: string

2020/11/30 22:04:02 mixedStreamID=mixed-stream-4486698e485cdf49b6ccd0dfa4cef8a0, type: string

2020/11/30 22:04:02 stompURL=wss://signal-controller-staging.quickom.com/signaling/classroom/, type: string

2020/11/30 22:04:02 msgChann=/classroom/message/room-94211598841955298, type: string

2020/11/30 22:04:02 publicChann=/classroom/room-94211598841955298, type: string

2020/11/30 22:04:02 privateChann=/user/classroom/room-94211598841955298, type: string

2020/11/30 22:04:02 syncInterval=5, type: string

2020/11/30 22:04:03 gstmixaudio.CreatePipeline() finished.
2020/11/30 22:04:03 gstmixvideo.CreatePipeline() finished. Mixerpipeline: &{0x7f9b602ae9f0 1 9 [{<nil> 0 false 0 0 0 0 0 0 0 0 0 0 0} {<nil> 0 false 0 0 0 0 0 0 0 0 0 0 0} {<nil> 0 false 0 0 0 0 0 0 0 0 0 0 0} {<nil> 0 false 0 0 0 0 0 0 0 0 0 0 0} {<nil> 0 false 0 0 0 0 0 0 0 0 0 0 0} {<nil> 0 false 0 0 0 0 0 0 0 0 0 0 0} {<nil> 0 false 0 0 0 0 0 0 0 0 0 0 0} {<nil> 0 false 0 0 0 0 0 0 0 0 0 0 0} {<nil> 0 false 0 0 0 0 0 0 0 0 0 0 0} {<nil> 0 false 0 0 0 0 0 0 0 0 0 0 0}] <nil> 1500000 0 0 0 VP8 90000} 
2020/11/30 22:04:04 gstmixvideo.readTrack(2)...
2020/11/30 22:04:04 gstmixvideo.readTrack(4)...
2020/11/30 22:04:04 gstmixvideo.readTrack(6)...
2020/11/30 22:04:04 gstmixvideo.readTrack(7)...
2020/11/30 22:04:04 gstmixvideo.readTrack(9)...
2020/11/30 22:04:04 gstmixvideo.readTrack(3)...
2020/11/30 22:04:04 gstmixvideo.readTrack(5)...
2020/11/30 22:04:04 gstmixvideo.readTrack(8)...
2020/11/30 22:04:04 gstmixvideo.readTrack(1)...
2020/11/30 22:04:04 gstmixaudio.readTrack(5)...
2020/11/30 22:04:04 gstmixaudio.readTrack(8)...
2020/11/30 22:04:04 gstmixaudio.readTrack(6)...
2020/11/30 22:04:04 gstmixaudio.readTrack(7)...
2020/11/30 22:04:04 gstmixaudio.readTrack(3)...
2020/11/30 22:04:04 gstmixaudio.readTrack(2)...
2020/11/30 22:04:04 gstmixaudio.readTrack(9)...
2020/11/30 22:04:04 gstmixaudio.readTrack(4)...
2020/11/30 22:04:04 gstmixaudio.readTrack(1)...
2020/11/30 22:04:06 gstmixaudio.readTrack(5)...
2020/11/30 22:04:06 gstmixaudio.readTrack(3)...
2020/11/30 22:04:06 gstmixaudio.readTrack(4)...
2020/11/30 22:04:06 gstmixaudio.readTrack(1)...
2020/11/30 22:04:06 gstmixaudio.readTrack(7)...
2020/11/30 22:04:06 gstmixaudio.readTrack(2)...
2020/11/30 22:04:06 gstmixaudio.readTrack(6)...
2020/11/30 22:04:06 gstmixaudio.readTrack(8)...
2020/11/30 22:04:06 gstmixaudio.readTrack(9)...

(classroom-core:4811): GStreamer-CRITICAL **: 22:04:09.777: Bus bus1 has no signal watches attached
panic: runtime error: invalid memory address or nil pointer dereference
[signal SIGSEGV: segmentation violation code=0x1 addr=0x0 pc=0x7fd51e]

goroutine 728 [running]:
github.com/pion/rtp.(*Packet).MarshalSize(...)
	/home/lamhai/go/pkg/mod/github.com/pion/rtp@v1.6.1/packet.go:463
github.com/beowulflab/mediamixer/audioMixerStatic/staticMixer.(*Pipeline).readTrack(0xc000083440, 0x2)
	/home/lamhai/go/pkg/mod/github.com/beowulflab/mediamixer@v1.7.21/audioMixerStatic/staticMixer/gst.go:168 +0x19e
created by github.com/beowulflab/mediamixer/audioMixerStatic/staticMixer.(*Pipeline).Start
	/home/lamhai/go/pkg/mod/github.com/beowulflab/mediamixer@v1.7.21/audioMixerStatic/staticMixer/gst.go:130 +0x225
2020/11/30 22:04:09 bitrate=4000, type: int

2020/11/30 22:04:09 nodeID=node-4486698e485cdf49b6ccd0dfa4cef8a0, type: string

2020/11/30 22:04:09 roomID=room-94211598841955298, type: string

2020/11/30 22:04:09 instanceID=container-16a7afff8fa9c31e11e44080eb3ec273, type: string

2020/11/30 22:04:09 mixerID=mixer-4486698e485cdf49b6ccd0dfa4cef8a0, type: string

2020/11/30 22:04:09 mixedStreamID=mixed-stream-4486698e485cdf49b6ccd0dfa4cef8a0, type: string

2020/11/30 22:04:09 stompURL=wss://signal-controller-staging.quickom.com/signaling/classroom/, type: string

2020/11/30 22:04:09 msgChann=/classroom/message/room-94211598841955298, type: string

2020/11/30 22:04:09 publicChann=/classroom/room-94211598841955298, type: string

2020/11/30 22:04:09 privateChann=/user/classroom/room-94211598841955298, type: string

2020/11/30 22:04:09 syncInterval=5, type: string

